#
# A fatal error has been detected by the Java Runtime Environment:
#
#  EXCEPTION_ACCESS_VIOLATION (0xc0000005) at pc=0x000000006dc7b766, pid=3528, tid=3296
#
# JRE version: 6.0_35-b10
# Java VM: Java HotSpot(TM) 64-Bit Server VM (20.10-b01 mixed mode windows-amd64 compressed oops)
# Problematic frame:
# V  [jvm.dll+0x47b766]
#
# If you would like to submit a bug report, please visit:
#   http://java.sun.com/webapps/bugreport/crash.jsp
#

---------------  T H R E A D  ---------------

Current thread (0x00000000065c0000):  JavaThread "C2 CompilerThread1" daemon [_thread_in_native, id=3296, stack(0x0000000006a60000,0x0000000006b60000)]

siginfo: ExceptionCode=0xc0000005, reading address 0x0000000e00000004

Registers:
RAX=0x0000000008409fa0, RBX=0x0000000000000007, RCX=0x0000000000000000, RDX=0x0000000000000000
RSP=0x0000000006b5c8f0, RBP=0x0000000000000d80, RSI=0x0000000000000024, RDI=0x0000000008400190
R8 =0x0000000000000080, R9 =0x0000000e00000004, R10=0x0000000006b5cc30, R11=0x0000000006b5c978
R12=0x0000000008116f30, R13=0x0000000006b5cf10, R14=0x000000006df43a38, R15=0x000000006d800000
RIP=0x000000006dc7b766, EFLAGS=0x0000000000010202

Top of Stack: (sp=0x0000000006b5c8f0)
0x0000000006b5c8f0:   0000000006b5cf10 0000000000000d80
0x0000000006b5c900:   0000000000000024 0000000008117ce8
0x0000000006b5c910:   0000000c00030000 0000000000000001
0x0000000006b5c920:   000000000824c280 0000000000000001
0x0000000006b5c930:   0000000006b5cac0 0000000000000004
0x0000000006b5c940:   0000000006b5cab0 000000006dcbab80
0x0000000006b5c950:   0000000000000002 000000000ded5830
0x0000000006b5c960:   0000000007eb58e0 0000000000000005
0x0000000006b5c970:   0000000006b5cf10 000000006dc7cd8b
0x0000000006b5c980:   0000000006b5cf10 0000000008116f30
0x0000000006b5c990:   0000000000000000 0000000008117ce8
0x0000000006b5c9a0:   0000000300000001 0000000500000000
0x0000000006b5c9b0:   0000000200000003 0000001700000000
0x0000000006b5c9c0:   0000000000000000 ffffffff00000000
0x0000000006b5c9d0:   0000000000000000 0000000000000000
0x0000000006b5c9e0:   0000000005155455 0000000000000000 

Instructions: (pc=0x000000006dc7b766)
0x000000006dc7b746:   d6 47 00 00 4c 8b c8 8b d3 83 e3 1f 41 b8 01 00
0x000000006dc7b756:   00 00 c1 ea 05 0f b6 cb 83 e2 07 41 d3 e0 8b ca
0x000000006dc7b766:   41 8b 14 91 8b c2 41 0b c0 41 85 d0 41 89 04 89
0x000000006dc7b776:   0f 85 d5 fe ff ff ff 07 e9 ce fe ff ff 4c 8b 7c 


Register to memory mapping:

RAX=0x0000000008409fa0 is an unknown value
RBX=0x0000000000000007 is an unknown value
RCX=0x0000000000000000 is an unknown value
RDX=0x0000000000000000 is an unknown value
RSP=0x0000000006b5c8f0 is pointing into the stack for thread: 0x00000000065c0000
RBP=0x0000000000000d80 is an unknown value
RSI=0x0000000000000024 is an unknown value
RDI=0x0000000008400190 is an unknown value
R8 =0x0000000000000080 is an unknown value
R9 =0x0000000e00000004 is an unknown value
R10=0x0000000006b5cc30 is pointing into the stack for thread: 0x00000000065c0000
R11=0x0000000006b5c978 is pointing into the stack for thread: 0x00000000065c0000
R12=0x0000000008116f30 is an unknown value
R13=0x0000000006b5cf10 is pointing into the stack for thread: 0x00000000065c0000
R14=0x000000006df43a38 is an unknown value
R15=0x000000006d800000 is an unknown value


Stack: [0x0000000006a60000,0x0000000006b60000],  sp=0x0000000006b5c8f0,  free space=1010k
Native frames: (J=compiled Java code, j=interpreted, Vv=VM code, C=native code)
V  [jvm.dll+0x47b766]

[error occurred during error reporting (printing native stack), id 0xc0000005]


Current CompileTask:
C2:   3932 341      com.jme3.renderer.lwjgl.LwjglRenderer.applyRenderState(Lcom/jme3/material/RenderState;)V (1363 bytes)


---------------  P R O C E S S  ---------------

Java Threads: ( => current thread )
  0x000000000de23800 JavaThread "pool-3-thread-1" [_thread_blocked, id=3104, stack(0x0000000013670000,0x0000000013770000)]
  0x000000000de23000 JavaThread "jME3 Audio Thread" daemon [_thread_blocked, id=1956, stack(0x0000000010f20000,0x0000000011020000)]
  0x000000000de22000 JavaThread "DestroyJavaVM" [_thread_blocked, id=1016, stack(0x0000000002070000,0x0000000002170000)]
  0x000000000de21800 JavaThread "LWJGL Renderer Thread" [_thread_in_native, id=1976, stack(0x000000000fe20000,0x000000000ff20000)]
  0x000000000de20800 JavaThread "TimerQueue" daemon [_thread_blocked, id=1796, stack(0x000000000f520000,0x000000000f620000)]
  0x000000000de20000 JavaThread "Thread-5" [_thread_blocked, id=3004, stack(0x000000000f420000,0x000000000f520000)]
  0x000000000de1f800 JavaThread "com.jme3.network.kernel.udp.UdpKernel@12457d21" daemon [_thread_blocked, id=3308, stack(0x000000000f320000,0x000000000f420000)]
  0x000000000dcb8800 JavaThread "com.jme3.network.kernel.tcp.SelectorKernel@3d04fc23" daemon [_thread_blocked, id=3840, stack(0x000000000c260000,0x000000000c360000)]
  0x00000000081cd800 JavaThread "UDP Host@0.0.0.0/0.0.0.0:6173" daemon [_thread_in_native, id=2464, stack(0x000000000c160000,0x000000000c260000)]
  0x0000000006f67800 JavaThread "Selector@0.0.0.0/0.0.0.0:6173" daemon [_thread_in_native, id=3788, stack(0x000000000c060000,0x000000000c160000)]
  0x0000000007edf000 JavaThread "D3D Screen Updater" daemon [_thread_blocked, id=4044, stack(0x000000000c380000,0x000000000c480000)]
  0x0000000007e71800 JavaThread "Image Fetcher 0" daemon [_thread_blocked, id=3572, stack(0x000000000b390000,0x000000000b490000)]
  0x0000000006f42000 JavaThread "pool-1-thread-1" [_thread_blocked, id=3640, stack(0x000000000a5b0000,0x000000000a6b0000)]
  0x0000000006e60000 JavaThread "AWT-Windows" daemon [_thread_in_native, id=3084, stack(0x0000000007ae0000,0x0000000007be0000)]
  0x0000000006e63000 JavaThread "Java2D Disposer" daemon [_thread_blocked, id=2884, stack(0x00000000078e0000,0x00000000079e0000)]
  0x0000000006e69000 JavaThread "Headless Application Thread" [_thread_blocked, id=2572, stack(0x0000000007160000,0x0000000007260000)]
  0x00000000065c3000 JavaThread "Low Memory Detector" daemon [_thread_blocked, id=3576, stack(0x0000000006b60000,0x0000000006c60000)]
=>0x00000000065c0000 JavaThread "C2 CompilerThread1" daemon [_thread_in_native, id=3296, stack(0x0000000006a60000,0x0000000006b60000)]
  0x00000000065bb000 JavaThread "C2 CompilerThread0" daemon [_thread_blocked, id=612, stack(0x0000000006960000,0x0000000006a60000)]
  0x00000000065b8000 JavaThread "Attach Listener" daemon [_thread_blocked, id=1772, stack(0x0000000006860000,0x0000000006960000)]
  0x00000000065b1000 JavaThread "Signal Dispatcher" daemon [_thread_blocked, id=2348, stack(0x0000000006760000,0x0000000006860000)]
  0x0000000000527800 JavaThread "Finalizer" daemon [_thread_blocked, id=1276, stack(0x0000000006460000,0x0000000006560000)]
  0x0000000000524800 JavaThread "Reference Handler" daemon [_thread_blocked, id=3260, stack(0x0000000006360000,0x0000000006460000)]

Other Threads:
  0x000000000051c800 VMThread [stack: 0x0000000006260000,0x0000000006360000] [id=3864]
  0x00000000065d4800 WatcherThread [stack: 0x0000000006c60000,0x0000000006d60000] [id=2600]

VM state:not at safepoint (normal execution)

VM Mutex/Monitor currently owned by a thread: None

Heap
 PSYoungGen      total 35712K, used 33677K [0x00000007d56b0000, 0x00000007d9bf0000, 0x0000000800000000)
  eden space 32704K, 93% used [0x00000007d56b0000,0x00000007d74a6c00,0x00000007d76a0000)
  from space 3008K, 99% used [0x00000007d9900000,0x00000007d9beca10,0x00000007d9bf0000)
  to   space 5440K, 0% used [0x00000007d9150000,0x00000007d9150000,0x00000007d96a0000)
 PSOldGen        total 87232K, used 17490K [0x0000000780400000, 0x0000000785930000, 0x00000007d56b0000)
  object space 87232K, 20% used [0x0000000780400000,0x0000000781514828,0x0000000785930000)
 PSPermGen       total 23936K, used 23744K [0x000000077b200000, 0x000000077c960000, 0x0000000780400000)
  object space 23936K, 99% used [0x000000077b200000,0x000000077c930330,0x000000077c960000)

Code Cache  [0x0000000002170000, 0x00000000023e0000, 0x0000000005170000)
 total_blobs=963 nmethods=371 adapters=545 free_code_cache=48815808 largest_free_block=8384

Dynamic libraries:
0x0000000000400000 - 0x000000000042f000 	C:\Program Files\Java\jre6\bin\javaw.exe
0x0000000077ad0000 - 0x0000000077c7c000 	C:\Windows\SYSTEM32\ntdll.dll
0x0000000077760000 - 0x000000007787f000 	C:\Windows\system32\kernel32.dll
0x000007fefe2a0000 - 0x000007fefe30c000 	C:\Windows\system32\KERNELBASE.dll
0x000007fefe8c0000 - 0x000007fefe99b000 	C:\Windows\system32\ADVAPI32.dll
0x000007fefea90000 - 0x000007fefeb2f000 	C:\Windows\system32\msvcrt.dll
0x000007fefec60000 - 0x000007fefec7f000 	C:\Windows\SYSTEM32\sechost.dll
0x000007fefeb30000 - 0x000007fefec5e000 	C:\Windows\system32\RPCRT4.dll
0x0000000077880000 - 0x000000007797a000 	C:\Windows\system32\USER32.dll
0x000007fefe9a0000 - 0x000007fefea07000 	C:\Windows\system32\GDI32.dll
0x000007fefed20000 - 0x000007fefed2e000 	C:\Windows\system32\LPK.dll
0x000007fefe6e0000 - 0x000007fefe7aa000 	C:\Windows\system32\USP10.dll
0x000007fefe7b0000 - 0x000007fefe7de000 	C:\Windows\system32\IMM32.DLL
0x000007fefe3c0000 - 0x000007fefe4c9000 	C:\Windows\system32\MSCTF.dll
0x000000006d800000 - 0x000000006dfb9000 	C:\Program Files\Java\jre6\bin\server\jvm.dll
0x000007fef7a90000 - 0x000007fef7acb000 	C:\Windows\system32\WINMM.dll
0x000000006d770000 - 0x000000006d77e000 	C:\Program Files\Java\jre6\bin\verify.dll
0x000000006d3b0000 - 0x000000006d3d7000 	C:\Program Files\Java\jre6\bin\java.dll
0x000000006d7c0000 - 0x000000006d7d2000 	C:\Program Files\Java\jre6\bin\zip.dll
0x0000000062f00000 - 0x0000000063fa9000 	D:\Programmieren\java\cydonia\cydonia\bulletjme64.dll
0x000000006d000000 - 0x000000006d1c4000 	C:\Program Files\Java\jre6\bin\awt.dll
0x000007fef96d0000 - 0x000007fef9740000 	C:\Windows\system32\WINSPOOL.DRV
0x000007fefe4d0000 - 0x000007fefe6d2000 	C:\Windows\system32\ole32.dll
0x000007fefed30000 - 0x000007feffab7000 	C:\Windows\system32\SHELL32.dll
0x000007fefea10000 - 0x000007fefea81000 	C:\Windows\system32\SHLWAPI.dll
0x000007fefc760000 - 0x000007fefc954000 	C:\Windows\WinSxS\amd64_microsoft.windows.common-controls_6595b64144ccf1df_6.0.7600.16661_none_fa62ad231704eab7\COMCTL32.dll
0x000007fefc2e0000 - 0x000007fefc2f8000 	C:\Windows\system32\DWMAPI.DLL
0x000007fefc6b0000 - 0x000007fefc706000 	C:\Windows\system32\uxtheme.dll
0x000007fefde70000 - 0x000007fefde7f000 	C:\Windows\system32\CRYPTBASE.dll
0x000000006d2a0000 - 0x000000006d307000 	C:\Program Files\Java\jre6\bin\fontmanager.dll
0x000007fee8c90000 - 0x000007fee8e8f000 	C:\Windows\system32\d3d9.dll
0x000007fefd0b0000 - 0x000007fefd0bc000 	C:\Windows\system32\VERSION.dll
0x000007fee9f80000 - 0x000007fee9f87000 	C:\Windows\system32\d3d8thk.dll
0x000007fef8c80000 - 0x000007fef8d97000 	C:\Windows\system32\aticfx64.dll
0x000007fee9a10000 - 0x000007fee9a2f000 	C:\Windows\system32\atiu9p64.dll
0x000007fee8620000 - 0x000007fee8c8f000 	C:\Windows\system32\atiumd64.dll
0x000000006f000000 - 0x000000006f309000 	C:\Windows\system32\atiumd6a.dll
0x000000006d4d0000 - 0x000000006d505000 	C:\Program Files\Java\jre6\bin\jpeg.dll
0x000000006d610000 - 0x000000006d627000 	C:\Program Files\Java\jre6\bin\net.dll
0x000007feffbb0000 - 0x000007feffbfd000 	C:\Windows\system32\WS2_32.dll
0x000007fefe3b0000 - 0x000007fefe3b8000 	C:\Windows\system32\NSI.dll
0x000007fefd7b0000 - 0x000007fefd804000 	C:\Windows\system32\mswsock.dll
0x000007fefd7a0000 - 0x000007fefd7a7000 	C:\Windows\System32\wship6.dll
0x000000006d630000 - 0x000000006d63b000 	C:\Program Files\Java\jre6\bin\nio.dll
0x000000006d1d0000 - 0x000000006d20d000 	C:\Program Files\Java\jre6\bin\cmm.dll
0x000007fefe7e0000 - 0x000007fefe8b7000 	C:\Windows\system32\OLEAUT32.DLL
0x000007fefda00000 - 0x000007fefda17000 	C:\Windows\system32\CRYPTSP.dll
0x000007fefd500000 - 0x000007fefd547000 	C:\Windows\system32\rsaenh.dll
0x000007fefd280000 - 0x000007fefd29e000 	C:\Windows\system32\USERENV.dll
0x000007fefdf40000 - 0x000007fefdf4f000 	C:\Windows\system32\profapi.dll
0x000007fefd180000 - 0x000007fefd187000 	C:\Windows\System32\wshtcpip.dll
0x0000000180000000 - 0x000000018004f000 	D:\Programmieren\java\cydonia\cydonia\lwjgl64.dll
0x000007fef78b0000 - 0x000007fef79cd000 	C:\Windows\system32\OPENGL32.dll
0x000007fef7880000 - 0x000007fef78ad000 	C:\Windows\system32\GLU32.dll
0x000007fef7780000 - 0x000007fef7871000 	C:\Windows\system32\DDRAW.dll
0x000007fef7dc0000 - 0x000007fef7dc8000 	C:\Windows\system32\DCIMAN32.dll
0x000007feffc00000 - 0x000007feffdd7000 	C:\Windows\system32\SETUPAPI.dll
0x000007fefe240000 - 0x000007fefe276000 	C:\Windows\system32\CFGMGR32.dll
0x000007fefe280000 - 0x000007fefe29a000 	C:\Windows\system32\DEVOBJ.dll
0x000007fef9a00000 - 0x000007fef9a09000 	C:\Windows\system32\atig6pxx.dll
0x000000006a740000 - 0x000000006be8b000 	C:\Windows\system32\atio6axx.dll
0x000007fefb440000 - 0x000007fefb4e1000 	C:\Windows\system32\atiadlxx.dll
0x000007fefd090000 - 0x000007fefd0a1000 	C:\Windows\system32\WTSAPI32.dll
0x0000000077ca0000 - 0x0000000077ca7000 	C:\Windows\system32\PSAPI.DLL
0x000007fefb430000 - 0x000007fefb439000 	C:\Windows\system32\WSOCK32.dll
0x000007fefe200000 - 0x000007fefe239000 	C:\Windows\system32\WINTRUST.dll
0x000007fefdff0000 - 0x000007fefe15a000 	C:\Windows\system32\CRYPT32.dll
0x000007fefdfe0000 - 0x000007fefdfef000 	C:\Windows\system32\MSASN1.dll
0x000007fef99a0000 - 0x000007fef99ae000 	C:\Windows\system32\atig6txx.dll
0x000007fef75f0000 - 0x000007fef768c000 	C:\Windows\system32\mscms.dll
0x000007fef76e0000 - 0x000007fef7722000 	C:\Windows\system32\icm32.dll
0x00000000077e0000 - 0x0000000007842000 	D:\Programmieren\java\cydonia\cydonia\OpenAL64.dll
0x000007fefe310000 - 0x000007fefe3a9000 	C:\Windows\system32\CLBCatQ.DLL
0x000007fefcd80000 - 0x000007fefcdcb000 	C:\Windows\System32\MMDevApi.dll
0x000007fefcc50000 - 0x000007fefcd7c000 	C:\Windows\System32\PROPSYS.dll
0x000007fef7a00000 - 0x000007fef7a88000 	C:\Windows\system32\dsound.dll
0x000007fefd060000 - 0x000007fefd08c000 	C:\Windows\system32\POWRPROF.dll
0x000007fef6af0000 - 0x000007fef6b3f000 	C:\Windows\system32\AUDIOSES.DLL
0x000007fef8a30000 - 0x000007fef8b55000 	C:\Windows\system32\dbghelp.dll

VM Arguments:
jvm_args: -Dfile.encoding=UTF-8 
java_command: de.findus.cydonia.main.CydoniaLauncher -server
Launcher Type: SUN_STANDARD

Environment Variables:
PATH=C:\Program Files (x86)\AMD APP\bin\x86_64;C:\Program Files (x86)\AMD APP\bin\x86;C:\Windows\system32;C:\Windows;C:\Windows\System32\Wbem;C:\Windows\System32\WindowsPowerShell\v1.0\;C:\Program Files (x86)\ATI Technologies\ATI.ACE\Core-Static;C:\Program Files (x86)\Git\cmd
USERNAME=Findus
OS=Windows_NT
PROCESSOR_IDENTIFIER=Intel64 Family 6 Model 42 Stepping 7, GenuineIntel



---------------  S Y S T E M  ---------------

OS: Windows 7 , 64 bit Build 7600 

CPU:total 4 (4 cores per cpu, 1 threads per core) family 6 model 42 stepping 7, cmov, cx8, fxsr, mmx, sse, sse2, sse3, ssse3, sse4.1, sse4.2, popcnt

Memory: 4k page, physical 8371312k(6456744k free), swap 16740724k(14418868k free)

vm_info: Java HotSpot(TM) 64-Bit Server VM (20.10-b01) for windows-amd64 JRE (1.6.0_35-b10), built on Aug 28 2012 16:50:10 by "java_re" with MS VC++ 8.0 (VS2005)

time: Wed Oct 24 13:55:10 2012
elapsed time: 3 seconds

