#
# A fatal error has been detected by the Java Runtime Environment:
#
#  EXCEPTION_ACCESS_VIOLATION (0xc0000005) at pc=0x000000006dc80450, pid=3964, tid=3668
#
# JRE version: 6.0_35-b10
# Java VM: Java HotSpot(TM) 64-Bit Server VM (20.10-b01 mixed mode windows-amd64 compressed oops)
# Problematic frame:
# V  [jvm.dll+0x480450]
#
# If you would like to submit a bug report, please visit:
#   http://java.sun.com/webapps/bugreport/crash.jsp
#

---------------  T H R E A D  ---------------

Current thread (0x00000000064dd800):  JavaThread "C2 CompilerThread0" daemon [_thread_in_native, id=3668, stack(0x0000000006980000,0x0000000006a80000)]

siginfo: ExceptionCode=0xc0000005, reading address 0x0000010100000001

Registers:
RAX=0x0000010100000001, RBX=0x0000000007e6ae90, RCX=0x000000006df43a38, RDX=0x0000000000000000
RSP=0x0000000006a7c9a0, RBP=0x0000000000000000, RSI=0x0000000000000000, RDI=0x0000000006a7ca00
R8 =0x0000000007e6b110, R9 =0x0000000007ef1920, R10=0x0000000006a7cab0, R11=0x0000000006a7c7f8
R12=0x000000006df43a38, R13=0x000000006d800000, R14=0x0000000007daee58, R15=0x0000000000000000
RIP=0x000000006dc80450, EFLAGS=0x0000000000010246

Top of Stack: (sp=0x0000000006a7c9a0)
0x0000000006a7c9a0:   0000000007f11670 000000006dc7ff44
0x0000000006a7c9b0:   0000000000000001 0000000000000000
0x0000000006a7c9c0:   0000000000000003 0000000007f3ac90
0x0000000006a7c9d0:   00000000c0000000 000000006dc7b03f
0x0000000006a7c9e0:   0000000007e6ae90 0000000000000064
0x0000000006a7c9f0:   0000000006a7cab0 0000000000000064
0x0000000006a7ca00:   0000000000000000 0000000000000008
0x0000000006a7ca10:   0000010100000001 0000000000000000
0x0000000006a7ca20:   0000000007e6f920 0000000000002503
0x0000000006a7ca30:   0000000007e6b110 0000000000000001
0x0000000006a7ca40:   0000000007daea80 0000000000000001
0x0000000006a7ca50:   0000000007daea80 000000006dc41778
0x0000000006a7ca60:   0000000006a7f050 0000000000000001
0x0000000006a7ca70:   0000000007daea70 0000000006a7cd90
0x0000000006a7ca80:   0000000007daea70 00000000081ec300
0x0000000006a7ca90:   00000000081edc90 00000000081f42e8 

Instructions: (pc=0x000000006dc80450)
0x000000006dc80430:   48 8b 47 20 48 39 0c 06 0f 84 8f 00 00 00 48 8b
0x000000006dc80440:   04 06 33 d2 48 89 47 10 66 66 66 90 66 66 66 90
0x000000006dc80450:   83 38 00 0f 85 29 01 00 00 ff c2 48 83 c0 04 83
0x000000006dc80460:   fa 08 72 ec 48 8b 47 30 48 85 c0 48 89 44 24 20 


Register to memory mapping:

RAX=0x0000010100000001 is an unknown value
RBX=0x0000000007e6ae90 is an unknown value
RCX=0x000000006df43a38 is an unknown value
RDX=0x0000000000000000 is an unknown value
RSP=0x0000000006a7c9a0 is pointing into the stack for thread: 0x00000000064dd800
RBP=0x0000000000000000 is an unknown value
RSI=0x0000000000000000 is an unknown value
RDI=0x0000000006a7ca00 is pointing into the stack for thread: 0x00000000064dd800
R8 =0x0000000007e6b110 is an unknown value
R9 =0x0000000007ef1920 is an unknown value
R10=0x0000000006a7cab0 is pointing into the stack for thread: 0x00000000064dd800
R11=0x0000000006a7c7f8 is pointing into the stack for thread: 0x00000000064dd800
R12=0x000000006df43a38 is an unknown value
R13=0x000000006d800000 is an unknown value
R14=0x0000000007daee58 is an unknown value
R15=0x0000000000000000 is an unknown value


Stack: [0x0000000006980000,0x0000000006a80000],  sp=0x0000000006a7c9a0,  free space=1010k
Native frames: (J=compiled Java code, j=interpreted, Vv=VM code, C=native code)
V  [jvm.dll+0x480450]

[error occurred during error reporting (printing native stack), id 0xc0000005]


Current CompileTask:
C2:    302  20      sun.awt.image.PNGImageDecoder.filterRow([B[BIII)V (459 bytes)


---------------  P R O C E S S  ---------------

Java Threads: ( => current thread )
  0x0000000006e9e800 JavaThread "Image Fetcher 0" daemon [_thread_in_Java, id=1848, stack(0x000000000b1c0000,0x000000000b2c0000)]
  0x0000000006e9e000 JavaThread "pool-1-thread-1" [_thread_blocked, id=2088, stack(0x000000000a540000,0x000000000a640000)]
  0x0000000006e9d800 JavaThread "AWT-EventQueue-0" [_thread_blocked, id=3268, stack(0x0000000007ba0000,0x0000000007ca0000)]
  0x0000000006e9c800 JavaThread "AWT-Windows" daemon [_thread_in_native, id=3240, stack(0x0000000007aa0000,0x0000000007ba0000)]
  0x0000000006e9c000 JavaThread "AWT-Shutdown" [_thread_blocked, id=752, stack(0x00000000079a0000,0x0000000007aa0000)]
  0x0000000006f0e800 JavaThread "Java2D Disposer" daemon [_thread_blocked, id=1684, stack(0x00000000078a0000,0x00000000079a0000)]
  0x000000000656c000 JavaThread "Headless Application Thread" [_thread_in_vm, id=2224, stack(0x0000000007180000,0x0000000007280000)]
  0x00000000064e5000 JavaThread "Low Memory Detector" daemon [_thread_blocked, id=2824, stack(0x0000000006b80000,0x0000000006c80000)]
  0x00000000064e2800 JavaThread "C2 CompilerThread1" daemon [_thread_in_native, id=3008, stack(0x0000000006a80000,0x0000000006b80000)]
=>0x00000000064dd800 JavaThread "C2 CompilerThread0" daemon [_thread_in_native, id=3668, stack(0x0000000006980000,0x0000000006a80000)]
  0x00000000064da800 JavaThread "Attach Listener" daemon [_thread_blocked, id=3568, stack(0x0000000006880000,0x0000000006980000)]
  0x00000000064d6000 JavaThread "Signal Dispatcher" daemon [_thread_blocked, id=3348, stack(0x0000000006780000,0x0000000006880000)]
  0x0000000006485800 JavaThread "Finalizer" daemon [_thread_blocked, id=3096, stack(0x0000000006680000,0x0000000006780000)]
  0x00000000002ca000 JavaThread "Reference Handler" daemon [_thread_blocked, id=3000, stack(0x0000000006380000,0x0000000006480000)]
  0x000000000059c000 JavaThread "main" [_thread_blocked, id=1992, stack(0x0000000002090000,0x0000000002190000)]

Other Threads:
  0x00000000002c2000 VMThread [stack: 0x0000000006280000,0x0000000006380000] [id=2592]
  0x00000000064f6800 WatcherThread [stack: 0x0000000006c80000,0x0000000006d80000] [id=2412]

VM state:not at safepoint (normal execution)

VM Mutex/Monitor currently owned by a thread: None

Heap
 PSYoungGen      total 38144K, used 18535K [0x00000007d56b0000, 0x00000007d8140000, 0x0000000800000000)
  eden space 32704K, 56% used [0x00000007d56b0000,0x00000007d68c9e18,0x00000007d76a0000)
  from space 5440K, 0% used [0x00000007d7bf0000,0x00000007d7bf0000,0x00000007d8140000)
  to   space 5440K, 0% used [0x00000007d76a0000,0x00000007d76a0000,0x00000007d7bf0000)
 PSOldGen        total 87232K, used 0K [0x0000000780400000, 0x0000000785930000, 0x00000007d56b0000)
  object space 87232K, 0% used [0x0000000780400000,0x0000000780400000,0x0000000785930000)
 PSPermGen       total 21248K, used 13313K [0x000000077b200000, 0x000000077c6c0000, 0x0000000780400000)
  object space 21248K, 62% used [0x000000077b200000,0x000000077bf00468,0x000000077c6c0000)

Code Cache  [0x0000000002190000, 0x0000000002400000, 0x0000000005190000)
 total_blobs=396 nmethods=21 adapters=329 free_code_cache=49785664 largest_free_block=12736

Dynamic libraries:
0x0000000000400000 - 0x000000000042f000 	C:\Program Files\Java\jre6\bin\javaw.exe
0x0000000077ad0000 - 0x0000000077c7c000 	C:\Windows\SYSTEM32\ntdll.dll
0x0000000077760000 - 0x000000007787f000 	C:\Windows\system32\kernel32.dll
0x000007fefe2a0000 - 0x000007fefe30c000 	C:\Windows\system32\KERNELBASE.dll
0x000007fefe8c0000 - 0x000007fefe99b000 	C:\Windows\system32\ADVAPI32.dll
0x000007fefea90000 - 0x000007fefeb2f000 	C:\Windows\system32\msvcrt.dll
0x000007fefec60000 - 0x000007fefec7f000 	C:\Windows\SYSTEM32\sechost.dll
0x000007fefeb30000 - 0x000007fefec5e000 	C:\Windows\system32\RPCRT4.dll
0x0000000077880000 - 0x000000007797a000 	C:\Windows\system32\USER32.dll
0x000007fefe9a0000 - 0x000007fefea07000 	C:\Windows\system32\GDI32.dll
0x000007fefed20000 - 0x000007fefed2e000 	C:\Windows\system32\LPK.dll
0x000007fefe6e0000 - 0x000007fefe7aa000 	C:\Windows\system32\USP10.dll
0x000007fefe7b0000 - 0x000007fefe7de000 	C:\Windows\system32\IMM32.DLL
0x000007fefe3c0000 - 0x000007fefe4c9000 	C:\Windows\system32\MSCTF.dll
0x000000006d800000 - 0x000000006dfb9000 	C:\Program Files\Java\jre6\bin\server\jvm.dll
0x000007fef7a90000 - 0x000007fef7acb000 	C:\Windows\system32\WINMM.dll
0x000000006d770000 - 0x000000006d77e000 	C:\Program Files\Java\jre6\bin\verify.dll
0x000000006d3b0000 - 0x000000006d3d7000 	C:\Program Files\Java\jre6\bin\java.dll
0x000000006d7c0000 - 0x000000006d7d2000 	C:\Program Files\Java\jre6\bin\zip.dll
0x0000000062f00000 - 0x0000000063fa9000 	D:\Programmieren\java\cydonia\cydonia\bulletjme64.dll
0x000000006d000000 - 0x000000006d1c4000 	C:\Program Files\Java\jre6\bin\awt.dll
0x000007fef96d0000 - 0x000007fef9740000 	C:\Windows\system32\WINSPOOL.DRV
0x000007fefe4d0000 - 0x000007fefe6d2000 	C:\Windows\system32\ole32.dll
0x000007fefed30000 - 0x000007feffab7000 	C:\Windows\system32\SHELL32.dll
0x000007fefea10000 - 0x000007fefea81000 	C:\Windows\system32\SHLWAPI.dll
0x000007fefc760000 - 0x000007fefc954000 	C:\Windows\WinSxS\amd64_microsoft.windows.common-controls_6595b64144ccf1df_6.0.7600.16661_none_fa62ad231704eab7\COMCTL32.dll
0x000007fefc2e0000 - 0x000007fefc2f8000 	C:\Windows\system32\DWMAPI.DLL
0x000007fefc6b0000 - 0x000007fefc706000 	C:\Windows\system32\uxtheme.dll
0x000007fefde70000 - 0x000007fefde7f000 	C:\Windows\system32\CRYPTBASE.dll
0x000000006d2a0000 - 0x000000006d307000 	C:\Program Files\Java\jre6\bin\fontmanager.dll
0x000007fee8c90000 - 0x000007fee8e8f000 	C:\Windows\system32\d3d9.dll
0x000007fefd0b0000 - 0x000007fefd0bc000 	C:\Windows\system32\VERSION.dll
0x000007fee9f80000 - 0x000007fee9f87000 	C:\Windows\system32\d3d8thk.dll
0x000007fef8c80000 - 0x000007fef8d97000 	C:\Windows\system32\aticfx64.dll
0x000007fee9a10000 - 0x000007fee9a2f000 	C:\Windows\system32\atiu9p64.dll
0x000007fee8620000 - 0x000007fee8c8f000 	C:\Windows\system32\atiumd64.dll
0x000000006f000000 - 0x000000006f309000 	C:\Windows\system32\atiumd6a.dll
0x000000006d4d0000 - 0x000000006d505000 	C:\Program Files\Java\jre6\bin\jpeg.dll
0x000000006d610000 - 0x000000006d627000 	C:\Program Files\Java\jre6\bin\net.dll
0x000007feffbb0000 - 0x000007feffbfd000 	C:\Windows\system32\WS2_32.dll
0x000007fefe3b0000 - 0x000007fefe3b8000 	C:\Windows\system32\NSI.dll
0x000007fefd7b0000 - 0x000007fefd804000 	C:\Windows\system32\mswsock.dll
0x000007fefd7a0000 - 0x000007fefd7a7000 	C:\Windows\System32\wship6.dll
0x000000006d630000 - 0x000000006d63b000 	C:\Program Files\Java\jre6\bin\nio.dll
0x0000000077ca0000 - 0x0000000077ca7000 	C:\Windows\system32\PSAPI.DLL
0x000007fef8a30000 - 0x000007fef8b55000 	C:\Windows\system32\dbghelp.dll

VM Arguments:
jvm_args: -Dfile.encoding=UTF-8 
java_command: de.findus.cydonia.main.CydoniaLauncher -server
Launcher Type: SUN_STANDARD

Environment Variables:
PATH=C:\Program Files (x86)\AMD APP\bin\x86_64;C:\Program Files (x86)\AMD APP\bin\x86;C:\Windows\system32;C:\Windows;C:\Windows\System32\Wbem;C:\Windows\System32\WindowsPowerShell\v1.0\;C:\Program Files (x86)\ATI Technologies\ATI.ACE\Core-Static;C:\Program Files (x86)\Git\cmd
USERNAME=Findus
OS=Windows_NT
PROCESSOR_IDENTIFIER=Intel64 Family 6 Model 42 Stepping 7, GenuineIntel



---------------  S Y S T E M  ---------------

OS: Windows 7 , 64 bit Build 7600 

CPU:total 4 (4 cores per cpu, 1 threads per core) family 6 model 42 stepping 7, cmov, cx8, fxsr, mmx, sse, sse2, sse3, ssse3, sse4.1, sse4.2, popcnt

Memory: 4k page, physical 8371312k(6635824k free), swap 16740724k(14586948k free)

vm_info: Java HotSpot(TM) 64-Bit Server VM (20.10-b01) for windows-amd64 JRE (1.6.0_35-b10), built on Aug 28 2012 16:50:10 by "java_re" with MS VC++ 8.0 (VS2005)

time: Wed Oct 24 13:55:14 2012
elapsed time: 0 seconds

