#
# A fatal error has been detected by the Java Runtime Environment:
#
#  EXCEPTION_ACCESS_VIOLATION (0xc0000005) at pc=0x000000006dc3e962, pid=4392, tid=4128
#
# JRE version: 6.0_35-b10
# Java VM: Java HotSpot(TM) 64-Bit Server VM (20.10-b01 mixed mode windows-amd64 compressed oops)
# Problematic frame:
# V  [jvm.dll+0x43e962]
#
# If you would like to submit a bug report, please visit:
#   http://java.sun.com/webapps/bugreport/crash.jsp
#

---------------  T H R E A D  ---------------

Current thread (0x0000000006561800):  JavaThread "C2 CompilerThread1" daemon [_thread_in_native, id=4128, stack(0x0000000006b00000,0x0000000006c00000)]

siginfo: ExceptionCode=0xc0000005, writing address 0x00000047ddb9d8e8

Registers:
RAX=0x0000000006bfcc30, RBX=0x00000047ddb9d890, RCX=0x0000000000000bae, RDX=0x00000000bf800000
RSP=0x0000000006bfcb50, RBP=0xffffffffffffffff, RSI=0x00000000070a3860, RDI=0x0000000007d1e3f0
R8 =0x0000000000000001, R9 =0x000000000dbbd9c8, R10=0x0000000000000038, R11=0x0000000000000024
R12=0x0000000000000010, R13=0x0000000000000001, R14=0x0000000006bfcf10, R15=0x000000006d800000
RIP=0x000000006dc3e962, EFLAGS=0x0000000000010202

Top of Stack: (sp=0x0000000006bfcb50)
0x0000000006bfcb50:   000000000dbbd8d0 0000000007023128
0x0000000006bfcb60:   00000000070a3600 0000000007d1e3f0
0x0000000006bfcb70:   0000000200000091 0000000007d1e3f0
0x0000000006bfcb80:   0000000000000080 0000000000000488
0x0000000006bfcb90:   0000000000000000 0000000000000000
0x0000000006bfcba0:   000000000003e100 0000000000000000
0x0000000006bfcbb0:   00000000071a92e8 0000000000000001
0x0000000006bfcbc0:   00000000071a8f10 0000000006bfcf10
0x0000000006bfcbd0:   00000000071a8f00 000000006dc41587
0x0000000006bfcbe0:   0000000000000010 0000000000000001
0x0000000006bfcbf0:   0000000006bff1d0 0000000000000001
0x0000000006bfcc00:   00000000071a8f00 000000000db9d880
0x0000000006bfcc10:   000000000dbdb9f0 000000000dbdb9f0
0x0000000006bfcc20:   00000000071a92e8 00000000071a8f10
0x0000000006bfcc30:   000000000000000b 0000000006bff1d0
0x0000000006bfcc40:   000000000de99870 000000000dcea500 

Instructions: (pc=0x000000006dc3e962)
0x000000006dc3e942:   8b 46 78 41 83 e0 01 48 8d 1c 52 48 c1 e3 05 48
0x000000006dc3e952:   03 58 20 85 d2 0f 84 f1 01 00 00 45 85 c0 74 33
0x000000006dc3e962:   81 4b 58 00 08 00 00 48 8b 46 08 4a 8b 0c c0 49
0x000000006dc3e972:   8b 86 d0 00 00 00 8b 51 28 8b 0c 90 49 8b 46 78 


Register to memory mapping:

RAX=0x0000000006bfcc30 is pointing into the stack for thread: 0x0000000006561800
RBX=0x00000047ddb9d890 is an unknown value
RCX=0x0000000000000bae is an unknown value
RDX=0x00000000bf800000 is an unknown value
RSP=0x0000000006bfcb50 is pointing into the stack for thread: 0x0000000006561800
RBP=0xffffffffffffffff is an unknown value
RSI=0x00000000070a3860 is an unknown value
RDI=0x0000000007d1e3f0 is an unknown value
R8 =0x0000000000000001 is an unknown value
R9 =0x000000000dbbd9c8 is an unknown value
R10=0x0000000000000038 is an unknown value
R11=0x0000000000000024 is an unknown value
R12=0x0000000000000010 is an unknown value
R13=0x0000000000000001 is an unknown value
R14=0x0000000006bfcf10 is pointing into the stack for thread: 0x0000000006561800
R15=0x000000006d800000 is an unknown value


Stack: [0x0000000006b00000,0x0000000006c00000],  sp=0x0000000006bfcb50,  free space=1010k
Native frames: (J=compiled Java code, j=interpreted, Vv=VM code, C=native code)
V  [jvm.dll+0x43e962]


Current CompileTask:
C2:   6718 411      java.util.TreeMap.buildFromSorted(IIIILjava/util/Iterator;Ljava/io/ObjectInputStream;Ljava/lang/Object;)Ljava/util/TreeMap$Entry; (218 bytes)


---------------  P R O C E S S  ---------------

Java Threads: ( => current thread )
  0x0000000007e63800 JavaThread "pool-3-thread-1" [_thread_blocked, id=2128, stack(0x00000000135c0000,0x00000000136c0000)]
  0x0000000007e62800 JavaThread "jME3 Audio Thread" daemon [_thread_blocked, id=4756, stack(0x00000000118d0000,0x00000000119d0000)]
  0x0000000007e62000 JavaThread "DestroyJavaVM" [_thread_blocked, id=5112, stack(0x0000000002110000,0x0000000002210000)]
  0x0000000007083800 JavaThread "LWJGL Renderer Thread" [_thread_in_native, id=3504, stack(0x000000000fe30000,0x000000000ff30000)]
  0x0000000007082800 JavaThread "TimerQueue" daemon [_thread_blocked, id=2900, stack(0x000000000f530000,0x000000000f630000)]
  0x0000000007082000 JavaThread "Thread-6" [_thread_blocked, id=4676, stack(0x000000000f430000,0x000000000f530000)]
  0x0000000007081800 JavaThread "com.jme3.network.kernel.udp.UdpKernel@7e717d91" daemon [_thread_blocked, id=1420, stack(0x000000000f330000,0x000000000f430000)]
  0x0000000007080800 JavaThread "com.jme3.network.kernel.tcp.SelectorKernel@3d8f1be9" daemon [_thread_blocked, id=4424, stack(0x000000000f230000,0x000000000f330000)]
  0x000000000dd03800 JavaThread "UDP Host@0.0.0.0/0.0.0.0:6173" daemon [_thread_in_native, id=4488, stack(0x000000000c2a0000,0x000000000c3a0000)]
  0x00000000080cf000 JavaThread "Selector@0.0.0.0/0.0.0.0:6173" daemon [_thread_in_native, id=3600, stack(0x000000000c1a0000,0x000000000c2a0000)]
  0x0000000007efb000 JavaThread "Thread-3" [_thread_blocked, id=752, stack(0x000000000c0a0000,0x000000000c1a0000)]
  0x0000000007dcd800 JavaThread "D3D Screen Updater" daemon [_thread_blocked, id=3776, stack(0x000000000ccf0000,0x000000000cdf0000)]
  0x0000000007045800 JavaThread "pool-1-thread-1" [_thread_blocked, id=2060, stack(0x000000000a330000,0x000000000a430000)]
  0x0000000006eef800 JavaThread "AWT-Windows" daemon [_thread_in_native, id=5064, stack(0x0000000007b20000,0x0000000007c20000)]
  0x0000000006f04800 JavaThread "Java2D Disposer" daemon [_thread_blocked, id=1856, stack(0x0000000007920000,0x0000000007a20000)]
  0x0000000006f27800 JavaThread "Headless Application Thread" [_thread_blocked, id=2596, stack(0x0000000007200000,0x0000000007300000)]
  0x0000000006564000 JavaThread "Low Memory Detector" daemon [_thread_blocked, id=4192, stack(0x0000000006c00000,0x0000000006d00000)]
=>0x0000000006561800 JavaThread "C2 CompilerThread1" daemon [_thread_in_native, id=4128, stack(0x0000000006b00000,0x0000000006c00000)]
  0x000000000655c800 JavaThread "C2 CompilerThread0" daemon [_thread_blocked, id=2240, stack(0x0000000006a00000,0x0000000006b00000)]
  0x000000000655a000 JavaThread "Attach Listener" daemon [_thread_blocked, id=2928, stack(0x0000000006900000,0x0000000006a00000)]
  0x0000000006555000 JavaThread "Signal Dispatcher" daemon [_thread_blocked, id=4116, stack(0x0000000006800000,0x0000000006900000)]
  0x00000000002cc800 JavaThread "Finalizer" daemon [_thread_blocked, id=3900, stack(0x0000000006700000,0x0000000006800000)]
  0x00000000002c4800 JavaThread "Reference Handler" daemon [_thread_blocked, id=2784, stack(0x0000000006400000,0x0000000006500000)]

Other Threads:
  0x00000000002bc800 VMThread [stack: 0x0000000006300000,0x0000000006400000] [id=3348]
  0x0000000006575800 WatcherThread [stack: 0x0000000006d00000,0x0000000006e00000] [id=5008]

VM state:not at safepoint (normal execution)

VM Mutex/Monitor currently owned by a thread: None

Heap
 PSYoungGen      total 37376K, used 5584K [0x00000007d56b0000, 0x00000007d94a0000, 0x0000000800000000)
  eden space 31936K, 5% used [0x00000007d56b0000,0x00000007d58436a0,0x00000007d75e0000)
  from space 5440K, 72% used [0x00000007d76a0000,0x00000007d7a80a10,0x00000007d7bf0000)
  to   space 15744K, 0% used [0x00000007d8540000,0x00000007d8540000,0x00000007d94a0000)
 PSOldGen        total 87232K, used 13709K [0x0000000780400000, 0x0000000785930000, 0x00000007d56b0000)
  object space 87232K, 15% used [0x0000000780400000,0x0000000781163750,0x0000000785930000)
 PSPermGen       total 23936K, used 23840K [0x000000077b200000, 0x000000077c960000, 0x0000000780400000)
  object space 23936K, 99% used [0x000000077b200000,0x000000077c9480e0,0x000000077c960000)

Code Cache  [0x0000000002210000, 0x0000000002480000, 0x0000000005210000)
 total_blobs=1021 nmethods=429 adapters=545 free_code_cache=48692992 largest_free_block=10624

Dynamic libraries:
0x0000000000400000 - 0x000000000042f000 	C:\Program Files\Java\jre6\bin\javaw.exe
0x0000000077ad0000 - 0x0000000077c7c000 	C:\Windows\SYSTEM32\ntdll.dll
0x0000000077760000 - 0x000000007787f000 	C:\Windows\system32\kernel32.dll
0x000007fefe2a0000 - 0x000007fefe30c000 	C:\Windows\system32\KERNELBASE.dll
0x000007fefe8c0000 - 0x000007fefe99b000 	C:\Windows\system32\ADVAPI32.dll
0x000007fefea90000 - 0x000007fefeb2f000 	C:\Windows\system32\msvcrt.dll
0x000007fefec60000 - 0x000007fefec7f000 	C:\Windows\SYSTEM32\sechost.dll
0x000007fefeb30000 - 0x000007fefec5e000 	C:\Windows\system32\RPCRT4.dll
0x0000000077880000 - 0x000000007797a000 	C:\Windows\system32\USER32.dll
0x000007fefe9a0000 - 0x000007fefea07000 	C:\Windows\system32\GDI32.dll
0x000007fefed20000 - 0x000007fefed2e000 	C:\Windows\system32\LPK.dll
0x000007fefe6e0000 - 0x000007fefe7aa000 	C:\Windows\system32\USP10.dll
0x000007fefe7b0000 - 0x000007fefe7de000 	C:\Windows\system32\IMM32.DLL
0x000007fefe3c0000 - 0x000007fefe4c9000 	C:\Windows\system32\MSCTF.dll
0x000000006d800000 - 0x000000006dfb9000 	C:\Program Files\Java\jre6\bin\server\jvm.dll
0x000007fef7a90000 - 0x000007fef7acb000 	C:\Windows\system32\WINMM.dll
0x000000006d770000 - 0x000000006d77e000 	C:\Program Files\Java\jre6\bin\verify.dll
0x000000006d3b0000 - 0x000000006d3d7000 	C:\Program Files\Java\jre6\bin\java.dll
0x000000006d7c0000 - 0x000000006d7d2000 	C:\Program Files\Java\jre6\bin\zip.dll
0x0000000062f00000 - 0x0000000063fa9000 	D:\Programmieren\java\cydonia\cydonia\bulletjme64.dll
0x000000006d000000 - 0x000000006d1c4000 	C:\Program Files\Java\jre6\bin\awt.dll
0x000007fef96d0000 - 0x000007fef9740000 	C:\Windows\system32\WINSPOOL.DRV
0x000007fefe4d0000 - 0x000007fefe6d2000 	C:\Windows\system32\ole32.dll
0x000007fefed30000 - 0x000007feffab7000 	C:\Windows\system32\SHELL32.dll
0x000007fefea10000 - 0x000007fefea81000 	C:\Windows\system32\SHLWAPI.dll
0x000007fefc760000 - 0x000007fefc954000 	C:\Windows\WinSxS\amd64_microsoft.windows.common-controls_6595b64144ccf1df_6.0.7600.16661_none_fa62ad231704eab7\COMCTL32.dll
0x000007fefc2e0000 - 0x000007fefc2f8000 	C:\Windows\system32\DWMAPI.DLL
0x000007fefc6b0000 - 0x000007fefc706000 	C:\Windows\system32\uxtheme.dll
0x000007fefde70000 - 0x000007fefde7f000 	C:\Windows\system32\CRYPTBASE.dll
0x000000006d2a0000 - 0x000000006d307000 	C:\Program Files\Java\jre6\bin\fontmanager.dll
0x000007fee8c90000 - 0x000007fee8e8f000 	C:\Windows\system32\d3d9.dll
0x000007fefd0b0000 - 0x000007fefd0bc000 	C:\Windows\system32\VERSION.dll
0x000007fee9f80000 - 0x000007fee9f87000 	C:\Windows\system32\d3d8thk.dll
0x000007fef8c80000 - 0x000007fef8d97000 	C:\Windows\system32\aticfx64.dll
0x000007fee9a10000 - 0x000007fee9a2f000 	C:\Windows\system32\atiu9p64.dll
0x000007fee8620000 - 0x000007fee8c8f000 	C:\Windows\system32\atiumd64.dll
0x000000006f000000 - 0x000000006f309000 	C:\Windows\system32\atiumd6a.dll
0x000000006d4d0000 - 0x000000006d505000 	C:\Program Files\Java\jre6\bin\jpeg.dll
0x000000006d610000 - 0x000000006d627000 	C:\Program Files\Java\jre6\bin\net.dll
0x000007feffbb0000 - 0x000007feffbfd000 	C:\Windows\system32\WS2_32.dll
0x000007fefe3b0000 - 0x000007fefe3b8000 	C:\Windows\system32\NSI.dll
0x000007fefd7b0000 - 0x000007fefd804000 	C:\Windows\system32\mswsock.dll
0x000007fefd7a0000 - 0x000007fefd7a7000 	C:\Windows\System32\wship6.dll
0x000000006d630000 - 0x000000006d63b000 	C:\Program Files\Java\jre6\bin\nio.dll
0x000000006d1d0000 - 0x000000006d20d000 	C:\Program Files\Java\jre6\bin\cmm.dll
0x000007fefe7e0000 - 0x000007fefe8b7000 	C:\Windows\system32\OLEAUT32.DLL
0x000007fefda00000 - 0x000007fefda17000 	C:\Windows\system32\CRYPTSP.dll
0x000007fefd500000 - 0x000007fefd547000 	C:\Windows\system32\rsaenh.dll
0x000007fefd280000 - 0x000007fefd29e000 	C:\Windows\system32\USERENV.dll
0x000007fefdf40000 - 0x000007fefdf4f000 	C:\Windows\system32\profapi.dll
0x000007fefd180000 - 0x000007fefd187000 	C:\Windows\System32\wshtcpip.dll
0x0000000180000000 - 0x000000018004f000 	D:\Programmieren\java\cydonia\cydonia\lwjgl64.dll
0x000007fef78b0000 - 0x000007fef79cd000 	C:\Windows\system32\OPENGL32.dll
0x000007fef7880000 - 0x000007fef78ad000 	C:\Windows\system32\GLU32.dll
0x000007fef7780000 - 0x000007fef7871000 	C:\Windows\system32\DDRAW.dll
0x000007fef7dc0000 - 0x000007fef7dc8000 	C:\Windows\system32\DCIMAN32.dll
0x000007feffc00000 - 0x000007feffdd7000 	C:\Windows\system32\SETUPAPI.dll
0x000007fefe240000 - 0x000007fefe276000 	C:\Windows\system32\CFGMGR32.dll
0x000007fefe280000 - 0x000007fefe29a000 	C:\Windows\system32\DEVOBJ.dll
0x000007fef9f30000 - 0x000007fef9f39000 	C:\Windows\system32\atig6pxx.dll
0x0000000066db0000 - 0x00000000684fb000 	C:\Windows\system32\atio6axx.dll
0x000007fefb440000 - 0x000007fefb4e1000 	C:\Windows\system32\atiadlxx.dll
0x000007fefd090000 - 0x000007fefd0a1000 	C:\Windows\system32\WTSAPI32.dll
0x0000000077ca0000 - 0x0000000077ca7000 	C:\Windows\system32\PSAPI.DLL
0x000007fefb430000 - 0x000007fefb439000 	C:\Windows\system32\WSOCK32.dll
0x000007fefe200000 - 0x000007fefe239000 	C:\Windows\system32\WINTRUST.dll
0x000007fefdff0000 - 0x000007fefe15a000 	C:\Windows\system32\CRYPT32.dll
0x000007fefdfe0000 - 0x000007fefdfef000 	C:\Windows\system32\MSASN1.dll
0x000007fef9f20000 - 0x000007fef9f2e000 	C:\Windows\system32\atig6txx.dll
0x000007fee98d0000 - 0x000007fee996c000 	C:\Windows\system32\mscms.dll
0x000007fef68a0000 - 0x000007fef68e2000 	C:\Windows\system32\icm32.dll
0x00000000073b0000 - 0x0000000007412000 	D:\Programmieren\java\cydonia\cydonia\OpenAL64.dll
0x000007fefe310000 - 0x000007fefe3a9000 	C:\Windows\system32\CLBCatQ.DLL
0x000007fefcd80000 - 0x000007fefcdcb000 	C:\Windows\System32\MMDevApi.dll
0x000007fefcc50000 - 0x000007fefcd7c000 	C:\Windows\System32\PROPSYS.dll
0x000007fef7a00000 - 0x000007fef7a88000 	C:\Windows\system32\dsound.dll
0x000007fefd060000 - 0x000007fefd08c000 	C:\Windows\system32\POWRPROF.dll
0x000007fef6af0000 - 0x000007fef6b3f000 	C:\Windows\system32\AUDIOSES.DLL

VM Arguments:
jvm_args: -Dfile.encoding=UTF-8 
java_command: de.findus.cydonia.main.CydoniaLauncher -server
Launcher Type: SUN_STANDARD

Environment Variables:
PATH=C:\Program Files (x86)\AMD APP\bin\x86_64;C:\Program Files (x86)\AMD APP\bin\x86;C:\Windows\system32;C:\Windows;C:\Windows\System32\Wbem;C:\Windows\System32\WindowsPowerShell\v1.0\;C:\Program Files (x86)\ATI Technologies\ATI.ACE\Core-Static;C:\Program Files (x86)\Git\cmd
USERNAME=Findus
OS=Windows_NT
PROCESSOR_IDENTIFIER=Intel64 Family 6 Model 42 Stepping 7, GenuineIntel



---------------  S Y S T E M  ---------------

OS: Windows 7 , 64 bit Build 7600 

CPU:total 4 (4 cores per cpu, 1 threads per core) family 6 model 42 stepping 7, cmov, cx8, fxsr, mmx, sse, sse2, sse3, ssse3, sse4.1, sse4.2, popcnt

Memory: 4k page, physical 8371312k(6153736k free), swap 16740724k(14108616k free)

vm_info: Java HotSpot(TM) 64-Bit Server VM (20.10-b01) for windows-amd64 JRE (1.6.0_35-b10), built on Aug 28 2012 16:50:10 by "java_re" with MS VC++ 8.0 (VS2005)

time: Wed Oct 24 21:34:05 2012
elapsed time: 6 seconds

