#
# A fatal error has been detected by the Java Runtime Environment:
#
#  EXCEPTION_ACCESS_VIOLATION (0xc0000005) at pc=0x000000006dc9bcc1, pid=3896, tid=2884
#
# JRE version: 6.0_35-b10
# Java VM: Java HotSpot(TM) 64-Bit Server VM (20.10-b01 mixed mode windows-amd64 compressed oops)
# Problematic frame:
# V  [jvm.dll+0x49bcc1]
#
# If you would like to submit a bug report, please visit:
#   http://java.sun.com/webapps/bugreport/crash.jsp
#

---------------  T H R E A D  ---------------

Current thread (0x00000000065ab000):  JavaThread "C2 CompilerThread0" daemon [_thread_in_native, id=2884, stack(0x0000000006950000,0x0000000006a50000)]

siginfo: ExceptionCode=0xc0000005, reading address 0x0000000000000000

Registers:
RAX=0x0000000000000000, RBX=0x0000000006a4dbe0, RCX=0x00000000000010fa, RDX=0x000000000c5fe988
RSP=0x0000000006a4c2e8, RBP=0x000000000000002f, RSI=0x000000000c5fe988, RDI=0x0000000000000029
R8 =0x000000000c607400, R9 =0x00000000000010fa, R10=0x000000000f370be0, R11=0x000000006de2a440
R12=0x000000000c6014c8, R13=0x0000000007c9d370, R14=0x0000000006a4dbe0, R15=0x0000000000000008
RIP=0x000000006dc9bcc1, EFLAGS=0x0000000000010297

Top of Stack: (sp=0x0000000006a4c2e8)
0x0000000006a4c2e8:   000000006dca4657 000000000c5fe988
0x0000000006a4c2f8:   000000000bcccf20 0000000007edf9c0
0x0000000006a4c308:   0000000000000002 000000000bcccf20
0x0000000006a4c318:   0000000006a4dbe0 0000000006a4dbe0
0x0000000006a4c328:   0000000007c9cf58 0000000100000003
0x0000000006a4c338:   0000000000001c02 0000000007c9d370
0x0000000006a4c348:   000000006dcaba08 0000000006a4dbe0
0x0000000006a4c358:   0000000000000001 0000000000000000
0x0000000006a4c368:   0000000006a4dbe0 0000000006a4c450
0x0000000006a4c378:   0000000006a4dbe0 000000000bcccf20
0x0000000006a4c388:   000000000c1e3140 000000000c1e3140
0x0000000006a4c398:   000000006dcab4d1 0000000006a4dbe0
0x0000000006a4c3a8:   0000000000000002 000000000bcccf20
0x0000000006a4c3b8:   0000000000000000 0000000000000001
0x0000000006a4c3c8:   000000006dcac2b9 0000000006a4c490
0x0000000006a4c3d8:   000000000c1e3140 0000000000000006 

Instructions: (pc=0x000000006dc9bcc1)
0x000000006dc9bca1:   00 8b 3c 88 e9 fa 01 00 00 3b fd 73 5f 45 8b 48
0x000000006dc9bcb1:   28 4c 8b 93 e0 09 00 00 4f 8b 04 ca 49 8b 40 08
0x000000006dc9bcc1:   48 83 38 00 75 2f 8b 53 28 66 66 90 66 66 90 41
0x000000006dc9bcd1:   8b 40 28 3b c2 73 0d 48 8b c8 48 8b 43 30 4c 8b 


Register to memory mapping:

RAX=0x0000000000000000 is an unknown value
RBX=0x0000000006a4dbe0 is pointing into the stack for thread: 0x00000000065ab000
RCX=0x00000000000010fa is an unknown value
RDX=0x000000000c5fe988 is an unknown value
RSP=0x0000000006a4c2e8 is pointing into the stack for thread: 0x00000000065ab000
RBP=0x000000000000002f is an unknown value
RSI=0x000000000c5fe988 is an unknown value
RDI=0x0000000000000029 is an unknown value
R8 =0x000000000c607400 is an unknown value
R9 =0x00000000000010fa is an unknown value
R10=0x000000000f370be0 is an unknown value
R11=0x000000006de2a440 is an unknown value
R12=0x000000000c6014c8 is an unknown value
R13=0x0000000007c9d370 is an unknown value
R14=0x0000000006a4dbe0 is pointing into the stack for thread: 0x00000000065ab000
R15=0x0000000000000008 is an unknown value


Stack: [0x0000000006950000,0x0000000006a50000],  sp=0x0000000006a4c2e8,  free space=1008k
Native frames: (J=compiled Java code, j=interpreted, Vv=VM code, C=native code)
V  [jvm.dll+0x49bcc1]


Current CompileTask:
C2:   2474 230      org.xmlpull.mxp1.MXParser.parseAttribute()C (1629 bytes)


---------------  P R O C E S S  ---------------

Java Threads: ( => current thread )
  0x000000000b951800 JavaThread "jME3 Audio Thread" daemon [_thread_blocked, id=280, stack(0x0000000012730000,0x0000000012830000)]
  0x000000000b950800 JavaThread "DestroyJavaVM" [_thread_blocked, id=4200, stack(0x0000000002060000,0x0000000002160000)]
  0x000000000b950000 JavaThread "LWJGL Renderer Thread" [_thread_in_Java, id=1124, stack(0x0000000010b10000,0x0000000010c10000)]
  0x000000000b94f000 JavaThread "Thread-5" [_thread_blocked, id=4372, stack(0x00000000101f0000,0x00000000102f0000)]
  0x000000000b94e800 JavaThread "com.jme3.network.kernel.udp.UdpKernel@5627f221" daemon [_thread_blocked, id=3956, stack(0x00000000100f0000,0x00000000101f0000)]
  0x000000000b94d800 JavaThread "com.jme3.network.kernel.tcp.SelectorKernel@6c4f7b4c" daemon [_thread_blocked, id=2284, stack(0x000000000fff0000,0x00000000100f0000)]
  0x0000000007e62800 JavaThread "UDP Host@0.0.0.0/0.0.0.0:6173" daemon [_thread_in_native, id=4576, stack(0x000000000fad0000,0x000000000fbd0000)]
  0x000000000ecd1000 JavaThread "Selector@0.0.0.0/0.0.0.0:6173" daemon [_thread_in_native, id=1348, stack(0x000000000e990000,0x000000000ea90000)]
  0x000000000c5fc800 JavaThread "TimerQueue" daemon [_thread_blocked, id=4512, stack(0x000000000e730000,0x000000000e830000)]
  0x0000000007fcd000 JavaThread "D3D Screen Updater" daemon [_thread_blocked, id=2008, stack(0x000000000c8a0000,0x000000000c9a0000)]
  0x0000000007122800 JavaThread "Image Fetcher 0" daemon [_thread_blocked, id=2032, stack(0x000000000b6d0000,0x000000000b7d0000)]
  0x0000000007042800 JavaThread "pool-1-thread-1" [_thread_blocked, id=2424, stack(0x000000000a670000,0x000000000a770000)]
  0x0000000006f10000 JavaThread "AWT-EventQueue-0" [_thread_blocked, id=1176, stack(0x0000000008350000,0x0000000008450000)]
  0x0000000007136000 JavaThread "AWT-Windows" daemon [_thread_in_native, id=5072, stack(0x0000000008250000,0x0000000008350000)]
  0x0000000006e48000 JavaThread "AWT-Shutdown" [_thread_blocked, id=4888, stack(0x0000000007950000,0x0000000007a50000)]
  0x00000000070d5800 JavaThread "Java2D Disposer" daemon [_thread_blocked, id=3396, stack(0x0000000007850000,0x0000000007950000)]
  0x0000000006e4e800 JavaThread "Headless Application Thread" [_thread_blocked, id=1552, stack(0x0000000007150000,0x0000000007250000)]
  0x00000000065b6800 JavaThread "Low Memory Detector" daemon [_thread_blocked, id=4276, stack(0x0000000006b50000,0x0000000006c50000)]
  0x00000000065b4000 JavaThread "C2 CompilerThread1" daemon [_thread_in_native, id=3592, stack(0x0000000006a50000,0x0000000006b50000)]
=>0x00000000065ab000 JavaThread "C2 CompilerThread0" daemon [_thread_in_native, id=2884, stack(0x0000000006950000,0x0000000006a50000)]
  0x00000000065a8000 JavaThread "Attach Listener" daemon [_thread_blocked, id=3172, stack(0x0000000006850000,0x0000000006950000)]
  0x00000000065a3000 JavaThread "Signal Dispatcher" daemon [_thread_blocked, id=3980, stack(0x0000000006750000,0x0000000006850000)]
  0x00000000002c7800 JavaThread "Finalizer" daemon [_thread_blocked, id=1608, stack(0x0000000006450000,0x0000000006550000)]
  0x00000000002c4800 JavaThread "Reference Handler" daemon [_thread_blocked, id=2548, stack(0x0000000006350000,0x0000000006450000)]

Other Threads:
  0x00000000002bc800 VMThread [stack: 0x0000000006250000,0x0000000006350000] [id=4820]
  0x00000000065d0000 WatcherThread [stack: 0x0000000006c50000,0x0000000006d50000] [id=3588]

VM state:not at safepoint (normal execution)

VM Mutex/Monitor currently owned by a thread: None

Heap
 PSYoungGen      total 38144K, used 32077K [0x00000007d56b0000, 0x00000007d8140000, 0x0000000800000000)
  eden space 32704K, 81% used [0x00000007d56b0000,0x00000007d70bacf8,0x00000007d76a0000)
  from space 5440K, 99% used [0x00000007d76a0000,0x00000007d7be8a40,0x00000007d7bf0000)
  to   space 5440K, 0% used [0x00000007d7bf0000,0x00000007d7bf0000,0x00000007d8140000)
 PSOldGen        total 87232K, used 8548K [0x0000000780400000, 0x0000000785930000, 0x00000007d56b0000)
  object space 87232K, 9% used [0x0000000780400000,0x0000000780c592c0,0x0000000785930000)
 PSPermGen       total 22208K, used 22191K [0x000000077b200000, 0x000000077c7b0000, 0x0000000780400000)
  object space 22208K, 99% used [0x000000077b200000,0x000000077c7abe80,0x000000077c7b0000)

Code Cache  [0x0000000002160000, 0x00000000023d0000, 0x0000000005160000)
 total_blobs=789 nmethods=243 adapters=499 free_code_cache=49140608 largest_free_block=11520

Dynamic libraries:
0x0000000000400000 - 0x000000000042f000 	C:\Program Files\Java\jre6\bin\javaw.exe
0x0000000076ff0000 - 0x000000007719c000 	C:\Windows\SYSTEM32\ntdll.dll
0x0000000076b20000 - 0x0000000076c3f000 	C:\Windows\system32\kernel32.dll
0x000007fefd5b0000 - 0x000007fefd61c000 	C:\Windows\system32\KERNELBASE.dll
0x000007feff0c0000 - 0x000007feff19b000 	C:\Windows\system32\ADVAPI32.dll
0x000007feff210000 - 0x000007feff2af000 	C:\Windows\system32\msvcrt.dll
0x000007feff1a0000 - 0x000007feff1bf000 	C:\Windows\SYSTEM32\sechost.dll
0x000007fefdb50000 - 0x000007fefdc7e000 	C:\Windows\system32\RPCRT4.dll
0x0000000076da0000 - 0x0000000076e9a000 	C:\Windows\system32\USER32.dll
0x000007fefd840000 - 0x000007fefd8a7000 	C:\Windows\system32\GDI32.dll
0x000007fefe0f0000 - 0x000007fefe0fe000 	C:\Windows\system32\LPK.dll
0x000007fefdd60000 - 0x000007fefde2a000 	C:\Windows\system32\USP10.dll
0x000007fefde30000 - 0x000007fefde5e000 	C:\Windows\system32\IMM32.DLL
0x000007fefe100000 - 0x000007fefe209000 	C:\Windows\system32\MSCTF.dll
0x000000006d800000 - 0x000000006dfb9000 	C:\Program Files\Java\jre6\bin\server\jvm.dll
0x000007fef73f0000 - 0x000007fef742b000 	C:\Windows\system32\WINMM.dll
0x000000006d770000 - 0x000000006d77e000 	C:\Program Files\Java\jre6\bin\verify.dll
0x000000006d3b0000 - 0x000000006d3d7000 	C:\Program Files\Java\jre6\bin\java.dll
0x000000006d7c0000 - 0x000000006d7d2000 	C:\Program Files\Java\jre6\bin\zip.dll
0x0000000062f00000 - 0x0000000063fa9000 	D:\Programmieren\java\cydonia\cydonia\bulletjme64.dll
0x000000006d000000 - 0x000000006d1c4000 	C:\Program Files\Java\jre6\bin\awt.dll
0x000007fefc320000 - 0x000007fefc390000 	C:\Windows\system32\WINSPOOL.DRV
0x000007fefde60000 - 0x000007fefe062000 	C:\Windows\system32\ole32.dll
0x000007fefe210000 - 0x000007fefef97000 	C:\Windows\system32\SHELL32.dll
0x000007fefe070000 - 0x000007fefe0e1000 	C:\Windows\system32\SHLWAPI.dll
0x000007fefccc0000 - 0x000007fefceb4000 	C:\Windows\WinSxS\amd64_microsoft.windows.common-controls_6595b64144ccf1df_6.0.7600.16661_none_fa62ad231704eab7\COMCTL32.dll
0x000007fefa870000 - 0x000007fefa888000 	C:\Windows\system32\DWMAPI.DLL
0x000007fefac50000 - 0x000007fefaca6000 	C:\Windows\system32\uxtheme.dll
0x000007fefd390000 - 0x000007fefd39f000 	C:\Windows\system32\CRYPTBASE.dll
0x000000006d2a0000 - 0x000000006d307000 	C:\Program Files\Java\jre6\bin\fontmanager.dll
0x000007feea6c0000 - 0x000007feea8bf000 	C:\Windows\system32\d3d9.dll
0x000007fefc0b0000 - 0x000007fefc0bc000 	C:\Windows\system32\VERSION.dll
0x000007feec360000 - 0x000007feec367000 	C:\Windows\system32\d3d8thk.dll
0x000007fef7e10000 - 0x000007fef7f22000 	C:\Windows\system32\aticfx64.dll
0x000007feec340000 - 0x000007feec35f000 	C:\Windows\system32\atiu9p64.dll
0x000007fee99e0000 - 0x000007feea048000 	C:\Windows\system32\atiumd64.dll
0x00000000087a0000 - 0x0000000008bc0000 	C:\Windows\system32\atiumd6a.dll
0x000000006d610000 - 0x000000006d627000 	C:\Program Files\Java\jre6\bin\net.dll
0x000007feff2b0000 - 0x000007feff2fd000 	C:\Windows\system32\WS2_32.dll
0x000007fefd830000 - 0x000007fefd838000 	C:\Windows\system32\NSI.dll
0x000007fefc9d0000 - 0x000007fefca24000 	C:\Windows\system32\mswsock.dll
0x000007fefc9c0000 - 0x000007fefc9c7000 	C:\Windows\System32\wship6.dll
0x000000006d630000 - 0x000000006d63b000 	C:\Program Files\Java\jre6\bin\nio.dll
0x000007fefdc80000 - 0x000007fefdd57000 	C:\Windows\system32\OLEAUT32.DLL
0x000000006d4d0000 - 0x000000006d505000 	C:\Program Files\Java\jre6\bin\jpeg.dll
0x000000006d1d0000 - 0x000000006d20d000 	C:\Program Files\Java\jre6\bin\cmm.dll
0x000007fefca50000 - 0x000007fefca67000 	C:\Windows\system32\CRYPTSP.dll
0x000007fefc730000 - 0x000007fefc777000 	C:\Windows\system32\rsaenh.dll
0x000007fefbfe0000 - 0x000007fefbffe000 	C:\Windows\system32\USERENV.dll
0x000007fefd460000 - 0x000007fefd46f000 	C:\Windows\system32\profapi.dll
0x000007fefbed0000 - 0x000007fefbed7000 	C:\Windows\System32\wshtcpip.dll
0x0000000180000000 - 0x000000018004f000 	D:\Programmieren\java\cydonia\cydonia\lwjgl64.dll
0x000007fef6610000 - 0x000007fef672d000 	C:\Windows\system32\OPENGL32.dll
0x000007fef65e0000 - 0x000007fef660d000 	C:\Windows\system32\GLU32.dll
0x000007fef64e0000 - 0x000007fef65d1000 	C:\Windows\system32\DDRAW.dll
0x000007fef7240000 - 0x000007fef7248000 	C:\Windows\system32\DCIMAN32.dll
0x000007fefd950000 - 0x000007fefdb27000 	C:\Windows\system32\SETUPAPI.dll
0x000007fefd510000 - 0x000007fefd546000 	C:\Windows\system32\CFGMGR32.dll
0x000007fefd590000 - 0x000007fefd5aa000 	C:\Windows\system32\DEVOBJ.dll
0x000007fef90a0000 - 0x000007fef90a9000 	C:\Windows\system32\atig6pxx.dll
0x0000000061130000 - 0x000000006297f000 	C:\Windows\system32\atio6axx.dll
0x000007fef9be0000 - 0x000007fef9c71000 	C:\Windows\system32\atiadlxx.dll
0x000007fefbdf0000 - 0x000007fefbe01000 	C:\Windows\system32\WTSAPI32.dll
0x00000000771c0000 - 0x00000000771c7000 	C:\Windows\system32\PSAPI.DLL
0x000007fef9bd0000 - 0x000007fef9bd9000 	C:\Windows\system32\WSOCK32.dll
0x000007fefd550000 - 0x000007fefd589000 	C:\Windows\system32\WINTRUST.dll
0x000007fefd6c0000 - 0x000007fefd82a000 	C:\Windows\system32\CRYPT32.dll
0x000007fefd500000 - 0x000007fefd50f000 	C:\Windows\system32\MSASN1.dll
0x000007fef8f70000 - 0x000007fef8f7e000 	C:\Windows\system32\atig6txx.dll
0x000007fee9630000 - 0x000007fee96cc000 	C:\Windows\system32\mscms.dll
0x000007fef8e40000 - 0x000007fef8e82000 	C:\Windows\system32\icm32.dll
0x0000000008550000 - 0x00000000085b2000 	D:\Programmieren\java\cydonia\cydonia\OpenAL64.dll
0x000007feff020000 - 0x000007feff0b9000 	C:\Windows\system32\CLBCatQ.DLL
0x000007fefbb20000 - 0x000007fefbb6b000 	C:\Windows\System32\MMDevApi.dll
0x000007fefb9f0000 - 0x000007fefbb1c000 	C:\Windows\System32\PROPSYS.dll
0x000007fef6750000 - 0x000007fef67d8000 	C:\Windows\system32\dsound.dll
0x000007fefbdc0000 - 0x000007fefbdec000 	C:\Windows\system32\POWRPROF.dll
0x000007fef60e0000 - 0x000007fef612f000 	C:\Windows\system32\AUDIOSES.DLL

VM Arguments:
jvm_args: -Dfile.encoding=UTF-8 
java_command: de.findus.cydonia.main.CydoniaLauncher -server
Launcher Type: SUN_STANDARD

Environment Variables:
PATH=C:\Program Files (x86)\AMD APP\bin\x86_64;C:\Program Files (x86)\AMD APP\bin\x86;C:\Windows\system32;C:\Windows;C:\Windows\System32\Wbem;C:\Windows\System32\WindowsPowerShell\v1.0\;C:\Program Files (x86)\ATI Technologies\ATI.ACE\Core-Static;C:\Program Files (x86)\Git\cmd
USERNAME=Findus
OS=Windows_NT
PROCESSOR_IDENTIFIER=Intel64 Family 6 Model 42 Stepping 7, GenuineIntel



---------------  S Y S T E M  ---------------

OS: Windows 7 , 64 bit Build 7600 

CPU:total 4 (4 cores per cpu, 1 threads per core) family 6 model 42 stepping 7, cmov, cx8, fxsr, mmx, sse, sse2, sse3, ssse3, sse4.1, sse4.2, popcnt

Memory: 4k page, physical 8371312k(5683048k free), swap 16740724k(13256628k free)

vm_info: Java HotSpot(TM) 64-Bit Server VM (20.10-b01) for windows-amd64 JRE (1.6.0_35-b10), built on Aug 28 2012 16:50:10 by "java_re" with MS VC++ 8.0 (VS2005)

time: Sun Oct 21 17:44:07 2012
elapsed time: 2 seconds

